c:\users\sinha\music\imageprocessingchallenge\imageprocessingchallenge\src\debug\fglut.pdb
c:\users\sinha\music\imageprocessingchallenge\imageprocessingchallenge\src\debug\fglut.idb
c:\users\sinha\music\imageprocessingchallenge\imageprocessingchallenge\src\fglut\debug\freeglut_state.obj
c:\users\sinha\music\imageprocessingchallenge\imageprocessingchallenge\src\fglut\debug\freeglut_overlay.obj
c:\users\sinha\music\imageprocessingchallenge\imageprocessingchallenge\src\fglut\debug\freeglut_misc.obj
c:\users\sinha\music\imageprocessingchallenge\imageprocessingchallenge\src\fglut\debug\freeglut_menu.obj
c:\users\sinha\music\imageprocessingchallenge\imageprocessingchallenge\src\fglut\debug\freeglut_main.obj
c:\users\sinha\music\imageprocessingchallenge\imageprocessingchallenge\src\fglut\debug\freeglut_joystick.obj
c:\users\sinha\music\imageprocessingchallenge\imageprocessingchallenge\src\fglut\debug\freeglut_spaceball.obj
c:\users\sinha\music\imageprocessingchallenge\imageprocessingchallenge\src\fglut\debug\freeglut_input_devices.obj
c:\users\sinha\music\imageprocessingchallenge\imageprocessingchallenge\src\fglut\debug\freeglut_init.obj
c:\users\sinha\music\imageprocessingchallenge\imageprocessingchallenge\src\fglut\debug\freeglut_geometry.obj
c:\users\sinha\music\imageprocessingchallenge\imageprocessingchallenge\src\fglut\debug\freeglut_gamemode.obj
c:\users\sinha\music\imageprocessingchallenge\imageprocessingchallenge\src\fglut\debug\freeglut_stroke_mono_roman.obj
c:\users\sinha\music\imageprocessingchallenge\imageprocessingchallenge\src\fglut\debug\freeglut_stroke_roman.obj
c:\users\sinha\music\imageprocessingchallenge\imageprocessingchallenge\src\fglut\debug\freeglut_font_data.obj
c:\users\sinha\music\imageprocessingchallenge\imageprocessingchallenge\src\fglut\debug\freeglut_glutfont_definitions.obj
c:\users\sinha\music\imageprocessingchallenge\imageprocessingchallenge\src\fglut\debug\freeglut_font.obj
c:\users\sinha\music\imageprocessingchallenge\imageprocessingchallenge\src\fglut\debug\freeglut_ext.obj
c:\users\sinha\music\imageprocessingchallenge\imageprocessingchallenge\src\fglut\debug\freeglut_display.obj
c:\users\sinha\music\imageprocessingchallenge\imageprocessingchallenge\src\fglut\debug\freeglut_cursor.obj
c:\users\sinha\music\imageprocessingchallenge\imageprocessingchallenge\src\fglut\debug\freeglut_callbacks.obj
c:\users\sinha\music\imageprocessingchallenge\imageprocessingchallenge\src\fglut\debug\freeglut_window.obj
c:\users\sinha\music\imageprocessingchallenge\imageprocessingchallenge\src\fglut\debug\freeglut_videoresize.obj
c:\users\sinha\music\imageprocessingchallenge\imageprocessingchallenge\src\fglut\debug\freeglut_teapot.obj
c:\users\sinha\music\imageprocessingchallenge\imageprocessingchallenge\src\fglut\debug\freeglut_structure.obj
c:\users\sinha\music\imageprocessingchallenge\imageprocessingchallenge\src\debug\fglut.lib
c:\users\sinha\music\imageprocessingchallenge\imageprocessingchallenge\src\fglut\debug\fglut.tlog\cl.command.1.tlog
c:\users\sinha\music\imageprocessingchallenge\imageprocessingchallenge\src\fglut\debug\fglut.tlog\cl.read.1.tlog
c:\users\sinha\music\imageprocessingchallenge\imageprocessingchallenge\src\fglut\debug\fglut.tlog\cl.write.1.tlog
c:\users\sinha\music\imageprocessingchallenge\imageprocessingchallenge\src\fglut\debug\fglut.tlog\lib-link.read.1.tlog
c:\users\sinha\music\imageprocessingchallenge\imageprocessingchallenge\src\fglut\debug\fglut.tlog\lib-link.write.1.tlog
c:\users\sinha\music\imageprocessingchallenge\imageprocessingchallenge\src\fglut\debug\fglut.tlog\lib.command.1.tlog
