c:\users\sinha\music\imageprocessingchallenge\imageprocessingchallenge\src\debug\vc142.pdb
c:\users\sinha\music\imageprocessingchallenge\imageprocessingchallenge\src\debug\vc142.idb
c:\users\sinha\music\imageprocessingchallenge\imageprocessingchallenge\src\debug\r2pixel.obj
c:\users\sinha\music\imageprocessingchallenge\imageprocessingchallenge\src\debug\r2image.obj
c:\users\sinha\music\imageprocessingchallenge\imageprocessingchallenge\src\debug\morphlines.obj
c:\users\sinha\music\imageprocessingchallenge\imageprocessingchallenge\src\debug\morphlines.ilk
c:\users\sinha\music\imageprocessingchallenge\imageprocessingchallenge\src\debug\morphlines.exe
c:\users\sinha\music\imageprocessingchallenge\imageprocessingchallenge\src\debug\morphlines.pdb
c:\users\sinha\music\imageprocessingchallenge\imageprocessingchallenge\src\debug\imgpro.obj
c:\users\sinha\music\imageprocessingchallenge\imageprocessingchallenge\src\debug\imgpro.ilk
c:\users\sinha\music\imageprocessingchallenge\imageprocessingchallenge\src\debug\fglut.idb
c:\users\sinha\music\imageprocessingchallenge\imageprocessingchallenge\src\debug\jpeg.idb
c:\users\sinha\music\imageprocessingchallenge\imageprocessingchallenge\src\debug\r2.idb
c:\users\sinha\music\imageprocessingchallenge\imageprocessingchallenge\src\debug\fglut.pdb
c:\users\sinha\music\imageprocessingchallenge\imageprocessingchallenge\src\debug\imgpro.pdb
c:\users\sinha\music\imageprocessingchallenge\imageprocessingchallenge\src\debug\jpeg.pdb
c:\users\sinha\music\imageprocessingchallenge\imageprocessingchallenge\src\debug\r2.pdb
c:\users\sinha\music\imageprocessingchallenge\imageprocessingchallenge\src\debug\morphlines.tlog\cl.command.1.tlog
c:\users\sinha\music\imageprocessingchallenge\imageprocessingchallenge\src\debug\morphlines.tlog\cl.read.1.tlog
c:\users\sinha\music\imageprocessingchallenge\imageprocessingchallenge\src\debug\morphlines.tlog\cl.write.1.tlog
c:\users\sinha\music\imageprocessingchallenge\imageprocessingchallenge\src\debug\morphlines.tlog\link.command.1.tlog
c:\users\sinha\music\imageprocessingchallenge\imageprocessingchallenge\src\debug\morphlines.tlog\link.read.1.tlog
c:\users\sinha\music\imageprocessingchallenge\imageprocessingchallenge\src\debug\morphlines.tlog\link.write.1.tlog
